gyp info it worked if it ends with ok
gyp info using node-gyp@7.1.2
gyp info using node@14.15.4 | linux | x64
gyp info find Python using Python version 3.8.5 found at "/bin/python3"
gyp info spawn /bin/python3
gyp info spawn args [
gyp info spawn args   '/home/parash/.nodenv/versions/14.15.4/lib/node_modules/npm/node_modules/node-gyp/gyp/gyp_main.py',
gyp info spawn args   'binding.gyp',
gyp info spawn args   '-f',
gyp info spawn args   'make',
gyp info spawn args   '-I',
gyp info spawn args   '/home/parash/chulo/block-eth/node_modules/websocket/build/config.gypi',
gyp info spawn args   '-I',
gyp info spawn args   '/home/parash/.nodenv/versions/14.15.4/lib/node_modules/npm/node_modules/node-gyp/addon.gypi',
gyp info spawn args   '-I',
gyp info spawn args   '/home/parash/.cache/node-gyp/14.15.4/include/node/common.gypi',
gyp info spawn args   '-Dlibrary=shared_library',
gyp info spawn args   '-Dvisibility=default',
gyp info spawn args   '-Dnode_root_dir=/home/parash/.cache/node-gyp/14.15.4',
gyp info spawn args   '-Dnode_gyp_dir=/home/parash/.nodenv/versions/14.15.4/lib/node_modules/npm/node_modules/node-gyp',
gyp info spawn args   '-Dnode_lib_file=/home/parash/.cache/node-gyp/14.15.4/<(target_arch)/node.lib',
gyp info spawn args   '-Dmodule_root_dir=/home/parash/chulo/block-eth/node_modules/websocket',
gyp info spawn args   '-Dnode_engine=v8',
gyp info spawn args   '--depth=.',
gyp info spawn args   '--no-parallel',
gyp info spawn args   '--generator-output',
gyp info spawn args   'build',
gyp info spawn args   '-Goutput_dir=.'
gyp info spawn args ]
gyp info spawn make
gyp info spawn args [ 'BUILDTYPE=Release', '-C', 'build' ]
In file included from ../src/bufferutil.cc:17:
../../nan/nan.h: In function ‘void Nan::AsyncQueueWorker(Nan::AsyncWorker*)’:
../../nan/nan.h:2298:62: warning: cast between incompatible function types from ‘void (*)(uv_work_t*)’ {aka ‘void (*)(uv_work_s*)’} to ‘uv_after_work_cb’ {aka ‘void (*)(uv_work_s*, int)’} [-Wcast-function-type]
 2298 |     , reinterpret_cast<uv_after_work_cb>(AsyncExecuteComplete)
      |                                                              ^
../src/bufferutil.cc: At global scope:
../src/bufferutil.cc:26:30: error: ‘v8::Handle’ has not been declared
   26 |   static void Initialize(v8::Handle<v8::Object> target)
      |                              ^~~~~~
../src/bufferutil.cc:26:36: error: expected ‘,’ or ‘...’ before ‘<’ token
   26 |   static void Initialize(v8::Handle<v8::Object> target)
      |                                    ^
../src/bufferutil.cc: In static member function ‘static void BufferUtil::Initialize(int)’:
../src/bufferutil.cc:34:14: error: ‘target’ was not declared in this scope
   34 |     Nan::Set(target, Nan::New<String>("BufferUtil").ToLocalChecked(), t->GetFunction());
      |              ^~~~~~
../src/bufferutil.cc:34:86: error: no matching function for call to ‘v8::FunctionTemplate::GetFunction()’
   34 |     Nan::Set(target, Nan::New<String>("BufferUtil").ToLocalChecked(), t->GetFunction());
      |                                                                                      ^
In file included from ../src/bufferutil.cc:8:
/home/parash/.cache/node-gyp/14.15.4/include/node/v8.h:6482:46: note: candidate: ‘v8::MaybeLocal<v8::Function> v8::FunctionTemplate::GetFunction(v8::Local<v8::Context>)’
 6482 |   V8_WARN_UNUSED_RESULT MaybeLocal<Function> GetFunction(
      |                                              ^~~~~~~~~~~
/home/parash/.cache/node-gyp/14.15.4/include/node/v8.h:6482:46: note:   candidate expects 1 argument, 0 provided
../src/bufferutil.cc: In static member function ‘static Nan::NAN_METHOD_RETURN_TYPE BufferUtil::Merge(Nan::NAN_METHOD_ARGS_TYPE)’:
../src/bufferutil.cc:50:49: error: no matching function for call to ‘v8::Value::ToObject()’
   50 |     Local<Object> bufferObj = info[0]->ToObject();
      |                                                 ^
In file included from ../src/bufferutil.cc:8:
/home/parash/.cache/node-gyp/14.15.4/include/node/v8.h:2822:44: note: candidate: ‘v8::MaybeLocal<v8::Object> v8::Value::ToObject(v8::Local<v8::Context>) const’
 2822 |   V8_WARN_UNUSED_RESULT MaybeLocal<Object> ToObject(
      |                                            ^~~~~~~~
/home/parash/.cache/node-gyp/14.15.4/include/node/v8.h:2822:44: note:   candidate expects 1 argument, 0 provided
../src/bufferutil.cc:57:39: error: no matching function for call to ‘v8::Array::Get(unsigned int&)’
   57 |       Local<Object> src = array->Get(i)->ToObject();
      |                                       ^
In file included from ../src/bufferutil.cc:8:
/home/parash/.cache/node-gyp/14.15.4/include/node/v8.h:3717:43: note: candidate: ‘v8::MaybeLocal<v8::Value> v8::Object::Get(v8::Local<v8::Context>, v8::Local<v8::Value>)’
 3717 |   V8_WARN_UNUSED_RESULT MaybeLocal<Value> Get(Local<Context> context,
      |                                           ^~~
/home/parash/.cache/node-gyp/14.15.4/include/node/v8.h:3717:43: note:   candidate expects 2 arguments, 1 provided
/home/parash/.cache/node-gyp/14.15.4/include/node/v8.h:3720:43: note: candidate: ‘v8::MaybeLocal<v8::Value> v8::Object::Get(v8::Local<v8::Context>, uint32_t)’
 3720 |   V8_WARN_UNUSED_RESULT MaybeLocal<Value> Get(Local<Context> context,
      |                                           ^~~
/home/parash/.cache/node-gyp/14.15.4/include/node/v8.h:3720:43: note:   candidate expects 2 arguments, 1 provided
../src/bufferutil.cc: In static member function ‘static Nan::NAN_METHOD_RETURN_TYPE BufferUtil::Unmask(Nan::NAN_METHOD_ARGS_TYPE)’:
../src/bufferutil.cc:68:50: error: no matching function for call to ‘v8::Value::ToObject()’
   68 |     Local<Object> buffer_obj = info[0]->ToObject();
      |                                                  ^
In file included from ../src/bufferutil.cc:8:
/home/parash/.cache/node-gyp/14.15.4/include/node/v8.h:2822:44: note: candidate: ‘v8::MaybeLocal<v8::Object> v8::Value::ToObject(v8::Local<v8::Context>) const’
 2822 |   V8_WARN_UNUSED_RESULT MaybeLocal<Object> ToObject(
      |                                            ^~~~~~~~
/home/parash/.cache/node-gyp/14.15.4/include/node/v8.h:2822:44: note:   candidate expects 1 argument, 0 provided
../src/bufferutil.cc:70:48: error: no matching function for call to ‘v8::Value::ToObject()’
   70 |     Local<Object> mask_obj = info[1]->ToObject();
      |                                                ^
In file included from ../src/bufferutil.cc:8:
/home/parash/.cache/node-gyp/14.15.4/include/node/v8.h:2822:44: note: candidate: ‘v8::MaybeLocal<v8::Object> v8::Value::ToObject(v8::Local<v8::Context>) const’
 2822 |   V8_WARN_UNUSED_RESULT MaybeLocal<Object> ToObject(
      |                                            ^~~~~~~~
/home/parash/.cache/node-gyp/14.15.4/include/node/v8.h:2822:44: note:   candidate expects 1 argument, 0 provided
../src/bufferutil.cc: In static member function ‘static Nan::NAN_METHOD_RETURN_TYPE BufferUtil::Mask(Nan::NAN_METHOD_ARGS_TYPE)’:
../src/bufferutil.cc:89:50: error: no matching function for call to ‘v8::Value::ToObject()’
   89 |     Local<Object> buffer_obj = info[0]->ToObject();
      |                                                  ^
In file included from ../src/bufferutil.cc:8:
/home/parash/.cache/node-gyp/14.15.4/include/node/v8.h:2822:44: note: candidate: ‘v8::MaybeLocal<v8::Object> v8::Value::ToObject(v8::Local<v8::Context>) const’
 2822 |   V8_WARN_UNUSED_RESULT MaybeLocal<Object> ToObject(
      |                                            ^~~~~~~~
/home/parash/.cache/node-gyp/14.15.4/include/node/v8.h:2822:44: note:   candidate expects 1 argument, 0 provided
../src/bufferutil.cc:90:48: error: no matching function for call to ‘v8::Value::ToObject()’
   90 |     Local<Object> mask_obj = info[1]->ToObject();
      |                                                ^
In file included from ../src/bufferutil.cc:8:
/home/parash/.cache/node-gyp/14.15.4/include/node/v8.h:2822:44: note: candidate: ‘v8::MaybeLocal<v8::Object> v8::Value::ToObject(v8::Local<v8::Context>) const’
 2822 |   V8_WARN_UNUSED_RESULT MaybeLocal<Object> ToObject(
      |                                            ^~~~~~~~
/home/parash/.cache/node-gyp/14.15.4/include/node/v8.h:2822:44: note:   candidate expects 1 argument, 0 provided
../src/bufferutil.cc:92:50: error: no matching function for call to ‘v8::Value::ToObject()’
   92 |     Local<Object> output_obj = info[2]->ToObject();
      |                                                  ^
In file included from ../src/bufferutil.cc:8:
/home/parash/.cache/node-gyp/14.15.4/include/node/v8.h:2822:44: note: candidate: ‘v8::MaybeLocal<v8::Object> v8::Value::ToObject(v8::Local<v8::Context>) const’
 2822 |   V8_WARN_UNUSED_RESULT MaybeLocal<Object> ToObject(
      |                                            ^~~~~~~~
/home/parash/.cache/node-gyp/14.15.4/include/node/v8.h:2822:44: note:   candidate expects 1 argument, 0 provided
../src/bufferutil.cc:93:51: error: no matching function for call to ‘v8::Value::Int32Value()’
   93 |     unsigned int dataOffset = info[3]->Int32Value();
      |                                                   ^
In file included from ../src/bufferutil.cc:8:
/home/parash/.cache/node-gyp/14.15.4/include/node/v8.h:2869:40: note: candidate: ‘v8::Maybe<int> v8::Value::Int32Value(v8::Local<v8::Context>) const’
 2869 |   V8_WARN_UNUSED_RESULT Maybe<int32_t> Int32Value(Local<Context> context) const;
      |                                        ^~~~~~~~~~
/home/parash/.cache/node-gyp/14.15.4/include/node/v8.h:2869:40: note:   candidate expects 1 argument, 0 provided
../src/bufferutil.cc:94:47: error: no matching function for call to ‘v8::Value::Int32Value()’
   94 |     unsigned int length = info[4]->Int32Value();
      |                                               ^
In file included from ../src/bufferutil.cc:8:
/home/parash/.cache/node-gyp/14.15.4/include/node/v8.h:2869:40: note: candidate: ‘v8::Maybe<int> v8::Value::Int32Value(v8::Local<v8::Context>) const’
 2869 |   V8_WARN_UNUSED_RESULT Maybe<int32_t> Int32Value(Local<Context> context) const;
      |                                        ^~~~~~~~~~
/home/parash/.cache/node-gyp/14.15.4/include/node/v8.h:2869:40: note:   candidate expects 1 argument, 0 provided
../src/bufferutil.cc: At global scope:
../src/bufferutil.cc:115:12: error: variable or field ‘init’ declared void
  115 | void init (Handle<Object> target)
      |            ^~~~~~
../src/bufferutil.cc:115:12: error: ‘Handle’ was not declared in this scope
../src/bufferutil.cc:115:25: error: expected primary-expression before ‘>’ token
  115 | void init (Handle<Object> target)
      |                         ^
../src/bufferutil.cc:115:27: error: ‘target’ was not declared in this scope
  115 | void init (Handle<Object> target)
      |                           ^~~~~~
In file included from ../src/bufferutil.cc:9:
../src/bufferutil.cc:121:25: error: ‘init’ was not declared in this scope; did you mean ‘int’?
  121 | NODE_MODULE(bufferutil, init)
      |                         ^~~~
/home/parash/.cache/node-gyp/14.15.4/include/node/node.h:758:36: note: in definition of macro ‘NODE_MODULE_X’
  758 |       (node::addon_register_func) (regfunc),                          \
      |                                    ^~~~~~~
../src/bufferutil.cc:121:1: note: in expansion of macro ‘NODE_MODULE’
  121 | NODE_MODULE(bufferutil, init)
      | ^~~~~~~~~~~
In file included from ../src/bufferutil.cc:8:
/home/parash/.cache/node-gyp/14.15.4/include/node/v8.h: In instantiation of ‘void v8::PersistentBase<T>::SetWeak(P*, typename v8::WeakCallbackInfo<P>::Callback, v8::WeakCallbackType) [with P = node::ObjectWrap; T = v8::Object; typename v8::WeakCallbackInfo<P>::Callback = void (*)(const v8::WeakCallbackInfo<node::ObjectWrap>&)]’:
/home/parash/.cache/node-gyp/14.15.4/include/node/node_object_wrap.h:85:78:   required from here
/home/parash/.cache/node-gyp/14.15.4/include/node/v8.h:10874:16: warning: cast between incompatible function types from ‘v8::WeakCallbackInfo<node::ObjectWrap>::Callback’ {aka ‘void (*)(const v8::WeakCallbackInfo<node::ObjectWrap>&)’} to ‘Callback’ {aka ‘void (*)(const v8::WeakCallbackInfo<void>&)’} [-Wcast-function-type]
10874 |                reinterpret_cast<Callback>(callback), type);
      |                ^~~~~~~~~~~~~~~~~~~~~~~~~~~~~~~~~~~~
/home/parash/.cache/node-gyp/14.15.4/include/node/v8.h: In instantiation of ‘void v8::PersistentBase<T>::SetWeak(P*, typename v8::WeakCallbackInfo<P>::Callback, v8::WeakCallbackType) [with P = Nan::ObjectWrap; T = v8::Object; typename v8::WeakCallbackInfo<P>::Callback = void (*)(const v8::WeakCallbackInfo<Nan::ObjectWrap>&)]’:
../../nan/nan_object_wrap.h:65:61:   required from here
/home/parash/.cache/node-gyp/14.15.4/include/node/v8.h:10874:16: warning: cast between incompatible function types from ‘v8::WeakCallbackInfo<Nan::ObjectWrap>::Callback’ {aka ‘void (*)(const v8::WeakCallbackInfo<Nan::ObjectWrap>&)’} to ‘Callback’ {aka ‘void (*)(const v8::WeakCallbackInfo<void>&)’} [-Wcast-function-type]
make: *** [bufferutil.target.mk:112: Release/obj.target/bufferutil/src/bufferutil.o] Error 1
gyp ERR! build error 
gyp ERR! stack Error: `make` failed with exit code: 2
gyp ERR! stack     at ChildProcess.onExit (/home/parash/.nodenv/versions/14.15.4/lib/node_modules/npm/node_modules/node-gyp/lib/build.js:194:23)
gyp ERR! stack     at ChildProcess.emit (events.js:315:20)
gyp ERR! stack     at Process.ChildProcess._handle.onexit (internal/child_process.js:277:12)
gyp ERR! System Linux 5.8.0-44-generic
gyp ERR! command "/home/parash/.nodenv/versions/14.15.4/bin/node" "/home/parash/.nodenv/versions/14.15.4/lib/node_modules/npm/node_modules/node-gyp/bin/node-gyp.js" "rebuild"
gyp ERR! cwd /home/parash/chulo/block-eth/node_modules/websocket
gyp ERR! node -v v14.15.4
gyp ERR! node-gyp -v v7.1.2
gyp ERR! not ok 
